2025-02-09 10:09:09,338 - INFO - Starting PCE prediction pipeline at 2025-02-09 10:09:09.338925
2025-02-09 10:09:09,341 - WARNING - Directory ./outputs_PBE_exp not found. Creating...
2025-02-09 10:09:09,342 - WARNING - Directory ./mol_PBE_exp not found. Creating...
2025-02-09 10:09:09,343 - INFO - Preparing dataset...
2025-02-09 10:09:09,343 - INFO - Extracting DFT data...
2025-02-09 10:09:10,857 - INFO - Loading experimental data...
2025-02-09 10:09:10,928 - INFO - Calculating molecular descriptors...
2025-02-09 10:09:10,928 - ERROR - Error preparing dataset: No valid molecular descriptors were calculated
2025-02-09 10:09:10,928 - ERROR - Error in main execution: No valid molecular descriptors were calculated
2025-02-09 10:11:41,867 - INFO - Starting PCE prediction pipeline at 2025-02-09 10:11:41.867605
2025-02-09 10:11:41,883 - WARNING - Directory ./mol_PBE_exp not found. Creating...
2025-02-09 10:11:41,883 - INFO - Preparing dataset...
2025-02-09 10:11:41,883 - INFO - Extracting DFT data...
2025-02-09 10:11:43,911 - INFO - Loading experimental data...
2025-02-09 10:11:43,919 - INFO - Calculating molecular descriptors...
2025-02-09 10:11:43,919 - ERROR - Error preparing dataset: No valid molecular descriptors were calculated
2025-02-09 10:11:43,919 - ERROR - Error in main execution: No valid molecular descriptors were calculated
2025-02-09 10:12:57,027 - INFO - Starting PCE prediction pipeline at 2025-02-09 10:12:57.027868
2025-02-09 10:12:57,031 - INFO - Preparing dataset...
2025-02-09 10:12:57,031 - INFO - Extracting DFT data...
2025-02-09 10:12:57,838 - INFO - Loading experimental data...
2025-02-09 10:12:57,846 - INFO - Calculating molecular descriptors...
2025-02-09 10:12:58,857 - INFO - Saved complete training dataset to: All_descriptors_PBE_eth_training.xlsx
2025-02-09 10:12:58,857 - INFO - Saving all descriptors...
2025-02-09 10:12:58,894 - INFO - All descriptors saved to: log\ex_09.02.25_10-12_PBE\All_descriptors_PBE_eth.xlsx
2025-02-09 10:12:58,896 - INFO - 
Training RF model and generating predictions...
2025-02-09 10:13:03,231 - INFO - RF results file saved to: log\ex_09.02.25_10-12_PBE\results\PCE_results_RF_PBE_eth.xlsx
2025-02-09 10:13:03,231 - INFO - Generating visualizations for RF...
2025-02-09 10:13:14,123 - INFO - Generated standard visualizations for RF
2025-02-09 10:13:26,888 - INFO - Generated enhanced visualizations for RF
2025-02-09 10:13:26,990 - INFO - RF model saved to: log\ex_09.02.25_10-12_PBE\models\pce_prediction_model_RF_PBE_eth.joblib
2025-02-09 10:13:26,990 - INFO - 
Training XGBoost model and generating predictions...
2025-02-09 10:13:27,388 - INFO - Training data shape: (32, 11)
2025-02-09 10:13:27,388 - INFO - Validation data shape: (4, 11)
2025-02-09 10:13:27,388 - INFO - Test data shape: (4, 11)
2025-02-09 10:13:27,489 - INFO - Training predictions range: 0.006 to 0.060
2025-02-09 10:13:27,489 - INFO - Test predictions range: 0.011 to 0.044
2025-02-09 10:13:27,516 - INFO - XGBoost results file saved to: log\ex_09.02.25_10-12_PBE\results\PCE_results_XGBoost_PBE_eth.xlsx
2025-02-09 10:13:27,516 - INFO - Generating visualizations for XGBoost...
2025-02-09 10:13:39,191 - INFO - Generated standard visualizations for XGBoost
2025-02-09 10:13:51,503 - INFO - Generated enhanced visualizations for XGBoost
2025-02-09 10:13:51,522 - INFO - XGBoost model saved to: log\ex_09.02.25_10-12_PBE\models\pce_prediction_model_XGBoost_PBE_eth.joblib
2025-02-09 10:13:51,522 - INFO - 
Training Ensemble model and generating predictions...
2025-02-09 10:14:12,849 - INFO - Ensemble results file saved to: log\ex_09.02.25_10-12_PBE\results\PCE_results_ENSEMBLE_PBE_eth.xlsx
2025-02-09 10:14:12,849 - INFO - Generating visualizations for Ensemble...
2025-02-09 10:14:23,025 - INFO - Generated standard visualizations for ENSEMBLE
2025-02-09 10:14:36,672 - INFO - Generated enhanced visualizations for ENSEMBLE
2025-02-09 10:14:36,831 - INFO - Ensemble model saved to: log\ex_09.02.25_10-12_PBE\models\pce_prediction_model_ENSEMBLE_PBE_eth.joblib
2025-02-09 10:14:36,831 - INFO - 
Predicting PCE for new dyes...
2025-02-09 10:14:40,535 - INFO - Loaded RF model from log\ex_09.02.25_10-12_PBE\models\pce_prediction_model_RF_PBE_eth.joblib
2025-02-09 10:14:40,539 - INFO - Loaded XGB model from log\ex_09.02.25_10-12_PBE\models\pce_prediction_model_XGBoost_PBE_eth.joblib
2025-02-09 10:14:40,723 - INFO - Loaded ENSEMBLE model from log\ex_09.02.25_10-12_PBE\models\pce_prediction_model_ENSEMBLE_PBE_eth.joblib
2025-02-09 10:14:40,724 - INFO - Calculating molecular descriptors...
2025-02-09 10:14:40,899 - INFO - Calculated descriptors for 9 molecules
2025-02-09 10:14:40,899 - INFO - Extracting DFT data...
2025-02-09 10:14:40,900 - INFO - Found 9 .txt files in New_dyes_outputs_PBE_ethanol
2025-02-09 10:14:40,900 - INFO - Processing C3AD-(BTD)2-(CNCOOH)2.txt...
2025-02-09 10:14:41,316 - INFO - Extracted data from C3AD-(BTD)2-(CNCOOH)2.txt:
2025-02-09 10:14:41,316 - INFO -   File: C3AD-(BTD)2-(CNCOOH)2
2025-02-09 10:14:41,316 - INFO -   HOMO: -5.342
2025-02-09 10:14:41,316 - INFO -   LUMO: -4.387
2025-02-09 10:14:41,316 - INFO -   Dipole_Moment: 6.2539
2025-02-09 10:14:41,316 - INFO -   Max_Absorption_nm: 688.0
2025-02-09 10:14:41,317 - INFO -   Max_f_osc: 0.82799
2025-02-09 10:14:41,317 - INFO -   Max_Excitation_eV: 1.8
2025-02-09 10:14:41,317 - INFO - Processing C3AD-BTD-CNCOOH.txt...
2025-02-09 10:14:41,583 - INFO - Extracted data from C3AD-BTD-CNCOOH.txt:
2025-02-09 10:14:41,583 - INFO -   File: C3AD-BTD-CNCOOH
2025-02-09 10:14:41,583 - INFO -   HOMO: -5.237
2025-02-09 10:14:41,583 - INFO -   LUMO: -4.301
2025-02-09 10:14:41,583 - INFO -   Dipole_Moment: 5.1575
2025-02-09 10:14:41,583 - INFO -   Max_Absorption_nm: 665.0
2025-02-09 10:14:41,584 - INFO -   Max_f_osc: 0.821
2025-02-09 10:14:41,584 - INFO -   Max_Excitation_eV: 1.86
2025-02-09 10:14:41,584 - INFO - Processing C3AD-BTD-CNCOOH_1.txt...
2025-02-09 10:14:42,066 - INFO - Extracted data from C3AD-BTD-CNCOOH_1.txt:
2025-02-09 10:14:42,066 - INFO -   File: C3AD-BTD-CNCOOH_1
2025-02-09 10:14:42,066 - INFO -   HOMO: -5.162
2025-02-09 10:14:42,066 - INFO -   LUMO: -4.205
2025-02-09 10:14:42,066 - INFO -   Dipole_Moment: 15.5354
2025-02-09 10:14:42,066 - INFO -   Max_Absorption_nm: 760.0
2025-02-09 10:14:42,066 - INFO -   Max_f_osc: 0.468481
2025-02-09 10:14:42,066 - INFO -   Max_Excitation_eV: 1.63
2025-02-09 10:14:42,066 - INFO - Processing C5AD-(BTD)2-(CNCOOH)2.txt...
2025-02-09 10:14:42,553 - INFO - Extracted data from C5AD-(BTD)2-(CNCOOH)2.txt:
2025-02-09 10:14:42,553 - INFO -   File: C5AD-(BTD)2-(CNCOOH)2
2025-02-09 10:14:42,553 - INFO -   HOMO: -5.155
2025-02-09 10:14:42,553 - INFO -   LUMO: -4.218
2025-02-09 10:14:42,553 - INFO -   Dipole_Moment: 11.8092
2025-02-09 10:14:42,553 - INFO -   Max_Absorption_nm: 769.0
2025-02-09 10:14:42,553 - INFO -   Max_f_osc: 0.870479
2025-02-09 10:14:42,553 - INFO -   Max_Excitation_eV: 1.61
2025-02-09 10:14:42,553 - INFO - Processing C5AD-BTD-CNCOOH.txt...
2025-02-09 10:14:42,821 - INFO - Extracted data from C5AD-BTD-CNCOOH.txt:
2025-02-09 10:14:42,821 - INFO -   File: C5AD-BTD-CNCOOH
2025-02-09 10:14:42,821 - INFO -   HOMO: -5.107
2025-02-09 10:14:42,822 - INFO -   LUMO: -4.343
2025-02-09 10:14:42,822 - INFO -   Dipole_Moment: 12.6289
2025-02-09 10:14:42,822 - INFO -   Max_Absorption_nm: 708.0
2025-02-09 10:14:42,822 - INFO -   Max_f_osc: 1.228966
2025-02-09 10:14:42,822 - INFO -   Max_Excitation_eV: 1.75
2025-02-09 10:14:42,822 - INFO - Processing C5AD-BTD-CNCOOH_1.txt...
2025-02-09 10:14:43,209 - INFO - Extracted data from C5AD-BTD-CNCOOH_1.txt:
2025-02-09 10:14:43,209 - INFO -   File: C5AD-BTD-CNCOOH_1
2025-02-09 10:14:43,209 - INFO -   HOMO: -5.006
2025-02-09 10:14:43,209 - INFO -   LUMO: -4.182
2025-02-09 10:14:43,209 - INFO -   Dipole_Moment: 12.7872
2025-02-09 10:14:43,210 - INFO -   Max_Absorption_nm: 779.0
2025-02-09 10:14:43,210 - INFO -   Max_f_osc: 0.714871
2025-02-09 10:14:43,210 - INFO -   Max_Excitation_eV: 1.59
2025-02-09 10:14:43,210 - INFO - Processing C7AD-(BTD)2-(CNCOOH)2.txt...
2025-02-09 10:14:44,186 - WARNING - Suspicious absorption value in C7AD-(BTD)2-(CNCOOH)2.txt: 825.0nm
2025-02-09 10:14:44,186 - INFO - Extracted data from C7AD-(BTD)2-(CNCOOH)2.txt:
2025-02-09 10:14:44,186 - INFO -   File: C7AD-(BTD)2-(CNCOOH)2
2025-02-09 10:14:44,186 - INFO -   HOMO: -4.958
2025-02-09 10:14:44,186 - INFO -   LUMO: -4.287
2025-02-09 10:14:44,186 - INFO -   Dipole_Moment: 21.8202
2025-02-09 10:14:44,186 - INFO -   Max_Absorption_nm: 825.0
2025-02-09 10:14:44,186 - INFO -   Max_f_osc: 1.225236
2025-02-09 10:14:44,186 - INFO -   Max_Excitation_eV: 1.5
2025-02-09 10:14:44,186 - INFO - Processing C7AD-BTD-CNCOOH.txt...
2025-02-09 10:14:44,540 - INFO - Extracted data from C7AD-BTD-CNCOOH.txt:
2025-02-09 10:14:44,540 - INFO -   File: C7AD-BTD-CNCOOH
2025-02-09 10:14:44,540 - INFO -   HOMO: -4.958
2025-02-09 10:14:44,540 - INFO -   LUMO: -4.167
2025-02-09 10:14:44,540 - INFO -   Dipole_Moment: 13.8099
2025-02-09 10:14:44,540 - INFO -   Max_Absorption_nm: 738.0
2025-02-09 10:14:44,540 - INFO -   Max_f_osc: 1.753725
2025-02-09 10:14:44,540 - INFO -   Max_Excitation_eV: 1.68
2025-02-09 10:14:44,540 - INFO - Processing C7AD-BTD-CNCOOH_1.txt...
2025-02-09 10:14:45,138 - INFO - Extracted data from C7AD-BTD-CNCOOH_1.txt:
2025-02-09 10:14:45,138 - INFO -   File: C7AD-BTD-CNCOOH_1
2025-02-09 10:14:45,138 - INFO -   HOMO: -4.943
2025-02-09 10:14:45,138 - INFO -   LUMO: -4.165
2025-02-09 10:14:45,138 - INFO -   Dipole_Moment: 20.3832
2025-02-09 10:14:45,138 - INFO -   Max_Absorption_nm: 787.0
2025-02-09 10:14:45,138 - INFO -   Max_f_osc: 0.998108
2025-02-09 10:14:45,138 - INFO -   Max_Excitation_eV: 1.58
2025-02-09 10:14:45,139 - INFO - Successfully created DataFrame with 9 rows and columns: ['File', 'HOMO', 'LUMO', 'Dipole_Moment', 'Max_Absorption_nm', 'Max_f_osc', 'Max_Excitation_eV']
2025-02-09 10:14:45,140 - INFO - Merging DFT and molecular descriptor data...
2025-02-09 10:14:45,141 - INFO - Successfully merged data for 9 molecules
2025-02-09 10:14:45,186 - INFO - Saved all descriptors for new dyes to: log\ex_09.02.25_10-12_PBE\results\All_descriptors_PBE_eth_new_dyes.xlsx
2025-02-09 10:14:45,186 - INFO - Feature preparation completed successfully
2025-02-09 10:14:45,187 - INFO - 
Making predictions with RF model...
2025-02-09 10:14:45,515 - INFO - Saved RF predictions to: log\ex_09.02.25_10-12_PBE\results\predictions\PCE_predictions_RF_PBE_eth_new_dyes.xlsx
2025-02-09 10:14:45,515 - INFO - 
Making predictions with XGB model...
2025-02-09 10:14:45,552 - INFO - Saved XGB predictions to: log\ex_09.02.25_10-12_PBE\results\predictions\PCE_predictions_XGB_PBE_eth_new_dyes.xlsx
2025-02-09 10:14:45,552 - INFO - 
Making predictions with ENSEMBLE model...
2025-02-09 10:14:45,924 - INFO - Saved ENSEMBLE predictions to: log\ex_09.02.25_10-12_PBE\results\predictions\PCE_predictions_ENSEMBLE_PBE_eth_new_dyes.xlsx
2025-02-09 10:14:45,942 - INFO - Saved combined predictions to: log\ex_09.02.25_10-12_PBE\results\predictions\PCE_predictions_ALL_MODELS_PBE_eth_new_dyes.xlsx
2025-02-09 10:14:45,942 - INFO - PCE predictions for new dyes completed.
2025-02-09 10:14:45,942 - INFO - 
PCE prediction pipeline completed at 2025-02-09 10:14:45.942147
2025-02-09 10:14:45,942 - INFO - Total execution time: 0:01:48.914279
